<?xml version="1.0" encoding="UTF-8"?>
<!-- Generated by org.testng.reporters.JUnitReportReporter -->
<testsuite hostname="DESKTOP-4NO36J1" failures="0" tests="1" name="TestNG.Login" time="4.027" errors="0" timestamp="2022-10-09T22:13:38 IST" skipped="0">
  <testcase classname="TestNG.Login" name="f" time="4.027"/>
</testsuite> <!-- TestNG.Login -->
